<?xml version="1.0" encoding="UTF-8"?>
<!-- Generated by org.testng.reporters.JUnitReportReporter -->
<testsuite hostname="LAPTOP-C5AN82SD" failures="0" tests="1" name="kibana.KibanaTest$CreatingLogs" time="40.580" errors="0" timestamp="2020-06-22T15:50:45 IST" skipped="0">
  <testcase classname="kibana.KibanaTest$CreatingLogs" name="kibanaScreenValidation" time="40.580"/>
  <system-out/>
</testsuite> <!-- kibana.KibanaTest$CreatingLogs -->
